# JRE version: Java(TM) SE Runtime Environment (7.0_76-b13) (build 1.7.0_76-b13)
# Java VM: Java HotSpot(TM) 64-Bit Server VM (24.76-b04 mixed mode linux-amd64 compressed oops)
Heap
 PSYoungGen      total 138240K, used 11253K [0x00000000ebe80000, 0x00000000f5080000, 0x0000000100000000)
  eden space 126976K, 0% used [0x00000000ebe80000,0x00000000ebe80000,0x00000000f3a80000)
  from space 11264K, 99% used [0x00000000f3a80000,0x00000000f457d478,0x00000000f4580000)
  to   space 11264K, 0% used [0x00000000f4580000,0x00000000f4580000,0x00000000f5080000)
 ParOldGen       total 40960K, used 21882K [0x00000000c3c00000, 0x00000000c6400000, 0x00000000ebe80000)
  object space 40960K, 53% used [0x00000000c3c00000,0x00000000c515e920,0x00000000c6400000)
 PSPermGen       total 26624K, used 26278K [0x00000000bea00000, 0x00000000c0400000, 0x00000000c3c00000)
  object space 26624K, 98% used [0x00000000bea00000,0x00000000c03a98c8,0x00000000c0400000)
GC Heap History (10 events):
Event: 1,552 GC heap after
Heap after GC invocations=2 (full 0):
 PSYoungGen      total 34304K, used 2532K [0x00000000ebe80000, 0x00000000ee280000, 0x0000000100000000)
  eden space 31744K, 0% used [0x00000000ebe80000,0x00000000ebe80000,0x00000000edd80000)
  from space 2560K, 98% used [0x00000000ee000000,0x00000000ee279390,0x00000000ee280000)
  to   space 2560K, 0% used [0x00000000edd80000,0x00000000edd80000,0x00000000ee000000)
 ParOldGen       total 40960K, used 7216K [0x00000000c3c00000, 0x00000000c6400000, 0x00000000ebe80000)
  object space 40960K, 17% used [0x00000000c3c00000,0x00000000c430c3f0,0x00000000c6400000)
 PSPermGen       total 21504K, used 9801K [0x00000000bea00000, 0x00000000bff00000, 0x00000000c3c00000)
  object space 21504K, 45% used [0x00000000bea00000,0x00000000bf392788,0x00000000bff00000)
}
Event: 3,396 GC heap before
{Heap before GC invocations=3 (full 0):
 PSYoungGen      total 34304K, used 34276K [0x00000000ebe80000, 0x00000000ee280000, 0x0000000100000000)
  eden space 31744K, 100% used [0x00000000ebe80000,0x00000000edd80000,0x00000000edd80000)
  from space 2560K, 98% used [0x00000000ee000000,0x00000000ee279390,0x00000000ee280000)
  to   space 2560K, 0% used [0x00000000edd80000,0x00000000edd80000,0x00000000ee000000)
 ParOldGen       total 40960K, used 7216K [0x00000000c3c00000, 0x00000000c6400000, 0x00000000ebe80000)
  object space 40960K, 17% used [0x00000000c3c00000,0x00000000c430c3f0,0x00000000c6400000)
 PSPermGen       total 21504K, used 14286K [0x00000000bea00000, 0x00000000bff00000, 0x00000000c3c00000)
  object space 21504K, 66% used [0x00000000bea00000,0x00000000bf7f3898,0x00000000bff00000)
Event: 3,408 GC heap after
Heap after GC invocations=3 (full 0):
 PSYoungGen      total 34304K, used 2535K [0x00000000ebe80000, 0x00000000f0180000, 0x0000000100000000)
  eden space 31744K, 0% used [0x00000000ebe80000,0x00000000ebe80000,0x00000000edd80000)
  from space 2560K, 99% used [0x00000000edd80000,0x00000000edff9c00,0x00000000ee000000)
  to   space 2560K, 0% used [0x00000000eff00000,0x00000000eff00000,0x00000000f0180000)
 ParOldGen       total 40960K, used 14929K [0x00000000c3c00000, 0x00000000c6400000, 0x00000000ebe80000)
  object space 40960K, 36% used [0x00000000c3c00000,0x00000000c4a94708,0x00000000c6400000)
 PSPermGen       total 21504K, used 14286K [0x00000000bea00000, 0x00000000bff00000, 0x00000000c3c00000)
  object space 21504K, 66% used [0x00000000bea00000,0x00000000bf7f3898,0x00000000bff00000)
}
Event: 4,472 GC heap before
{Heap before GC invocations=4 (full 0):
 PSYoungGen      total 34304K, used 34273K [0x00000000ebe80000, 0x00000000f0180000, 0x0000000100000000)
  eden space 31744K, 99% used [0x00000000ebe80000,0x00000000edd7eb00,0x00000000edd80000)
  from space 2560K, 99% used [0x00000000edd80000,0x00000000edff9c00,0x00000000ee000000)
  to   space 2560K, 0% used [0x00000000eff00000,0x00000000eff00000,0x00000000f0180000)
 ParOldGen       total 40960K, used 14929K [0x00000000c3c00000, 0x00000000c6400000, 0x00000000ebe80000)
  object space 40960K, 36% used [0x00000000c3c00000,0x00000000c4a94708,0x00000000c6400000)
 PSPermGen       total 21504K, used 17926K [0x00000000bea00000, 0x00000000bff00000, 0x00000000c3c00000)
  object space 21504K, 83% used [0x00000000bea00000,0x00000000bfb81a48,0x00000000bff00000)
Event: 4,494 GC heap after
Heap after GC invocations=4 (full 0):
 PSYoungGen      total 66048K, used 2546K [0x00000000ebe80000, 0x00000000f0180000, 0x0000000100000000)
  eden space 63488K, 0% used [0x00000000ebe80000,0x00000000ebe80000,0x00000000efc80000)
  from space 2560K, 99% used [0x00000000eff00000,0x00000000f017c950,0x00000000f0180000)
  to   space 2560K, 0% used [0x00000000efc80000,0x00000000efc80000,0x00000000eff00000)
 ParOldGen       total 40960K, used 16410K [0x00000000c3c00000, 0x00000000c6400000, 0x00000000ebe80000)
  object space 40960K, 40% used [0x00000000c3c00000,0x00000000c4c06a60,0x00000000c6400000)
 PSPermGen       total 21504K, used 17926K [0x00000000bea00000, 0x00000000bff00000, 0x00000000c3c00000)
  object space 21504K, 83% used [0x00000000bea00000,0x00000000bfb81a48,0x00000000bff00000)
}
Event: 4,926 GC heap before
{Heap before GC invocations=5 (full 0):
 PSYoungGen      total 66048K, used 66034K [0x00000000ebe80000, 0x00000000f0180000, 0x0000000100000000)
  eden space 63488K, 100% used [0x00000000ebe80000,0x00000000efc80000,0x00000000efc80000)
  from space 2560K, 99% used [0x00000000eff00000,0x00000000f017c950,0x00000000f0180000)
  to   space 2560K, 0% used [0x00000000efc80000,0x00000000efc80000,0x00000000eff00000)
 ParOldGen       total 40960K, used 16410K [0x00000000c3c00000, 0x00000000c6400000, 0x00000000ebe80000)
  object space 40960K, 40% used [0x00000000c3c00000,0x00000000c4c06a60,0x00000000c6400000)
 PSPermGen       total 21504K, used 18173K [0x00000000bea00000, 0x00000000bff00000, 0x00000000c3c00000)
  object space 21504K, 84% used [0x00000000bea00000,0x00000000bfbbf628,0x00000000bff00000)
Event: 4,952 GC heap after
Heap after GC invocations=5 (full 0):
 PSYoungGen      total 66048K, used 2528K [0x00000000ebe80000, 0x00000000f5080000, 0x0000000100000000)
  eden space 63488K, 0% used [0x00000000ebe80000,0x00000000ebe80000,0x00000000efc80000)
  from space 2560K, 98% used [0x00000000efc80000,0x00000000efef81e0,0x00000000eff00000)
  to   space 11264K, 0% used [0x00000000f4580000,0x00000000f4580000,0x00000000f5080000)
 ParOldGen       total 40960K, used 17266K [0x00000000c3c00000, 0x00000000c6400000, 0x00000000ebe80000)
  object space 40960K, 42% used [0x00000000c3c00000,0x00000000c4cdca48,0x00000000c6400000)
 PSPermGen       total 21504K, used 18173K [0x00000000bea00000, 0x00000000bff00000, 0x00000000c3c00000)
  object space 21504K, 84% used [0x00000000bea00000,0x00000000bfbbf628,0x00000000bff00000)
}
Event: 5,358 GC heap before
{Heap before GC invocations=6 (full 0):
 PSYoungGen      total 66048K, used 66007K [0x00000000ebe80000, 0x00000000f5080000, 0x0000000100000000)
  eden space 63488K, 99% used [0x00000000ebe80000,0x00000000efc7da38,0x00000000efc80000)
  from space 2560K, 98% used [0x00000000efc80000,0x00000000efef81e0,0x00000000eff00000)
  to   space 11264K, 0% used [0x00000000f4580000,0x00000000f4580000,0x00000000f5080000)
 ParOldGen       total 40960K, used 17266K [0x00000000c3c00000, 0x00000000c6400000, 0x00000000ebe80000)
  object space 40960K, 42% used [0x00000000c3c00000,0x00000000c4cdca48,0x00000000c6400000)
 PSPermGen       total 21504K, used 18243K [0x00000000bea00000, 0x00000000bff00000, 0x00000000c3c00000)
  object space 21504K, 84% used [0x00000000bea00000,0x00000000bfbd0cd8,0x00000000bff00000)
Event: 5,374 GC heap after
Heap after GC invocations=6 (full 0):
 PSYoungGen      total 138240K, used 3656K [0x00000000ebe80000, 0x00000000f5080000, 0x0000000100000000)
  eden space 126976K, 0% used [0x00000000ebe80000,0x00000000ebe80000,0x00000000f3a80000)
  from space 11264K, 32% used [0x00000000f4580000,0x00000000f4912150,0x00000000f5080000)
  to   space 11264K, 0% used [0x00000000f3a80000,0x00000000f3a80000,0x00000000f4580000)
 ParOldGen       total 40960K, used 17266K [0x00000000c3c00000, 0x00000000c6400000, 0x00000000ebe80000)
  object space 40960K, 42% used [0x00000000c3c00000,0x00000000c4cdca48,0x00000000c6400000)
 PSPermGen       total 21504K, used 18243K [0x00000000bea00000, 0x00000000bff00000, 0x00000000c3c00000)
  object space 21504K, 84% used [0x00000000bea00000,0x00000000bfbd0cd8,0x00000000bff00000)
}
Event: 10,783 GC heap before
{Heap before GC invocations=7 (full 0):
 PSYoungGen      total 138240K, used 130632K [0x00000000ebe80000, 0x00000000f5080000, 0x0000000100000000)
  eden space 126976K, 100% used [0x00000000ebe80000,0x00000000f3a80000,0x00000000f3a80000)
  from space 11264K, 32% used [0x00000000f4580000,0x00000000f4912150,0x00000000f5080000)
  to   space 11264K, 0% used [0x00000000f3a80000,0x00000000f3a80000,0x00000000f4580000)
 ParOldGen       total 40960K, used 17266K [0x00000000c3c00000, 0x00000000c6400000, 0x00000000ebe80000)
  object space 40960K, 42% used [0x00000000c3c00000,0x00000000c4cdca48,0x00000000c6400000)
 PSPermGen       total 26624K, used 26278K [0x00000000bea00000, 0x00000000c0400000, 0x00000000c3c00000)
  object space 26624K, 98% used [0x00000000bea00000,0x00000000c03a98c8,0x00000000c0400000)

